{
  "0 debug pnpm:scope": {
    "selected": 1
  },
  "1 error pnpm": {
    "errno": 128,
    "code": "ELIFECYCLE",
    "pkgid": "cv@1.0.0",
    "stage": "deploy",
    "script": "sh deploy.sh",
    "pkgname": "cv",
    "err": {
      "name": "pnpm",
      "message": "cv@1.0.0 deploy: `sh deploy.sh`\nExit status 128",
      "code": "ELIFECYCLE",
      "stack": "pnpm: cv@1.0.0 deploy: `sh deploy.sh`\nExit status 128\n    at EventEmitter.<anonymous> (C:\\Users\\steven\\AppData\\Roaming\\npm\\node_modules\\pnpm\\dist\\pnpm.cjs:105724:20)\n    at EventEmitter.emit (node:events:390:28)\n    at ChildProcess.<anonymous> (C:\\Users\\steven\\AppData\\Roaming\\npm\\node_modules\\pnpm\\dist\\pnpm.cjs:92285:18)\n    at ChildProcess.emit (node:events:390:28)\n    at maybeClose (node:internal/child_process:1064:16)\n    at Process.ChildProcess._handle.onexit (node:internal/child_process:301:5)"
    }
  },
  "2 warn pnpm:global": " Local package.json exists, but node_modules missing, did you mean to install?"
}